Build started 2014-02-07 16:52:41.
     1>Project "E:\3D-Pacman-master\Project1\Project1\Project1.vcxproj" on node 2 (Build target(s)).
     1>ClCompile:
         C:\Program Files (x86)\Microsoft Visual Studio 11.0\VC\bin\CL.exe /c /ZI /nologo /W3 /WX- /sdl /Od /Oy- /D _CRT_SECURE_NO_WARNINGS /D _MBCS /Gm /EHsc /RTC1 /MDd /GS /fp:precise /Zc:wchar_t /Zc:forScope /Fo"Debug\\" /Fd"Debug\vc110.pdb" /Gd /TP /analyze- /errorReport:prompt AI.cpp AudioManager.cpp Button.cpp Candy.cpp GameManager.cpp Ghost.cpp GraphicsHandler.cpp HighscoreDisplay.cpp main.cpp MapLoader.cpp MenuManager.cpp Pacman.cpp Quaternion.cpp ScreenManager.cpp
         ScreenManager.cpp
         Quaternion.cpp
         Pacman.cpp
     1>e:\3d-pacman-master\project1\project1\pacman.cpp(83): warning C4018: '<' : signed/unsigned mismatch
         MenuManager.cpp
     1>e:\3d-pacman-master\project1\project1\menumanager.cpp(36): warning C4018: '<' : signed/unsigned mismatch
     1>e:\3d-pacman-master\project1\project1\menumanager.cpp(38): warning C4244: 'argument' : conversion from 'float' to 'int', possible loss of data
         MapLoader.cpp
         main.cpp
         HighscoreDisplay.cpp
         GraphicsHandler.cpp
         Ghost.cpp
         GameManager.cpp
         Candy.cpp
         Button.cpp
         AudioManager.cpp
         AI.cpp
     1>e:\3d-pacman-master\project1\project1\ai.cpp(15): warning C4018: '<' : signed/unsigned mismatch
     1>e:\3d-pacman-master\project1\project1\ai.cpp(29): warning C4018: '<' : signed/unsigned mismatch
         Generating Code...
       Link:
         C:\Program Files (x86)\Microsoft Visual Studio 11.0\VC\bin\link.exe /ERRORREPORT:PROMPT /OUT:"E:\3D-Pacman-master\Project1\Debug\Project1.exe" /INCREMENTAL /NOLOGO kernel32.lib user32.lib gdi32.lib winspool.lib comdlg32.lib advapi32.lib shell32.lib ole32.lib oleaut32.lib uuid.lib odbc32.lib odbccp32.lib /MANIFEST /MANIFESTUAC:"level='asInvoker' uiAccess='false'" /manifest:embed /DEBUG /PDB:"E:\3D-Pacman-master\Project1\Debug\Project1.pdb" /TLBID:1 /DYNAMICBASE /NXCOMPAT /IMPLIB:"E:\3D-Pacman-master\Project1\Debug\Project1.lib" /MACHINE:X86 Debug\AI.obj
         Debug\AudioManager.obj
         Debug\Button.obj
         Debug\Candy.obj
         Debug\GameManager.obj
         Debug\Ghost.obj
         Debug\GraphicsHandler.obj
         Debug\HighscoreDisplay.obj
         Debug\main.obj
         Debug\MapLoader.obj
         Debug\MenuManager.obj
         Debug\Pacman.obj
         Debug\Quaternion.obj
         Debug\ScreenManager.obj
         Project1.vcxproj -> E:\3D-Pacman-master\Project1\Debug\Project1.exe
     1>Done Building Project "E:\3D-Pacman-master\Project1\Project1\Project1.vcxproj" (Build target(s)).

Build succeeded.

Time Elapsed 00:00:22.19
