Build started 2014-02-07 13:12:32.
     1>Project "\\filestorage1.bth.se\students\20122\chmf12\Visual Studio 2012\Projects\3D-Pacman-master\Project1\Project1\Project1.vcxproj" on node 2 (Build target(s)).
     1>ClCompile:
         C:\Program Files (x86)\Microsoft Visual Studio 11.0\VC\bin\CL.exe /c /ZI /nologo /W3 /WX- /sdl /Od /Oy- /D _MBCS /Gm /EHsc /RTC1 /MDd /GS /fp:precise /Zc:wchar_t /Zc:forScope /Fo"Debug\\" /Fd"Debug\vc110.pdb" /Gd /TP /analyze- /errorReport:prompt Ghost.cpp
         Ghost.cpp
       Link:
         C:\Program Files (x86)\Microsoft Visual Studio 11.0\VC\bin\link.exe /ERRORREPORT:PROMPT /OUT:"\\filestorage1.bth.se\students\20122\chmf12\Visual Studio 2012\Projects\3D-Pacman-master\Project1\Debug\Project1.exe" /INCREMENTAL /NOLOGO kernel32.lib user32.lib gdi32.lib winspool.lib comdlg32.lib advapi32.lib shell32.lib ole32.lib oleaut32.lib uuid.lib odbc32.lib odbccp32.lib /MANIFEST /MANIFESTUAC:"level='asInvoker' uiAccess='false'" /manifest:embed /DEBUG /PDB:"\\filestorage1.bth.se\students\20122\chmf12\Visual Studio 2012\Projects\3D-Pacman-master\Project1\Debug\Project1.pdb" /TLBID:1 /DYNAMICBASE /NXCOMPAT /IMPLIB:"\\filestorage1.bth.se\students\20122\chmf12\Visual Studio 2012\Projects\3D-Pacman-master\Project1\Debug\Project1.lib" /MACHINE:X86 Debug\AI.obj
         Debug\AudioManager.obj
         Debug\Button.obj
         Debug\Candy.obj
         Debug\GameManager.obj
         Debug\Ghost.obj
         Debug\HighscoreDisplay.obj
         Debug\main.obj
         Debug\MapLoader.obj
         Debug\MenuManager.obj
         Debug\Pacman.obj
         Debug\Quaternion.obj
         Debug\ScreenManager.obj
         Project1.vcxproj -> \\filestorage1.bth.se\students\20122\chmf12\Visual Studio 2012\Projects\3D-Pacman-master\Project1\Debug\Project1.exe
     1>Done Building Project "\\filestorage1.bth.se\students\20122\chmf12\Visual Studio 2012\Projects\3D-Pacman-master\Project1\Project1\Project1.vcxproj" (Build target(s)).

Build succeeded.

Time Elapsed 00:00:04.13
